-------------------------------------------------------------------------------
Test set: com.oceanofbooks.catalogservice.CatalogServiceApplicationTests
-------------------------------------------------------------------------------
Tests run: 1, Failures: 1, Errors: 0, Skipped: 0, Time elapsed: 13.129 s <<< FAILURE! - in com.oceanofbooks.catalogservice.CatalogServiceApplicationTests
whenPostRequestThenBookCreated  Time elapsed: 1.832 s  <<< FAILURE!
java.lang.AssertionError: Status expected:<201 CREATED> but was:<422 UNPROCESSABLE_ENTITY>
	at com.oceanofbooks.catalogservice.CatalogServiceApplicationTests.whenPostRequestThenBookCreated(CatalogServiceApplicationTests.java:26)

