<?xml version="1.0" encoding="UTF-8"?>
<testsuite xmlns:xsi="http://www.w3.org/2001/XMLSchema-instance" xsi:noNamespaceSchemaLocation="https://maven.apache.org/surefire/maven-surefire-plugin/xsd/surefire-test-report.xsd" name="com.oceanofbooks.catalogservice.CatalogServiceApplicationTests" time="13.129" tests="1" errors="0" skipped="0" failures="1">
  <properties>
[...]
</properties>
  <testcase name="whenPostRequestThenBookCreated" classname="com.oceanofbooks.catalogservice.CatalogServiceApplicationTests" time="1.832">
    <failure message="Status expected:&lt;201 CREATED&gt; but was:&lt;422 UNPROCESSABLE_ENTITY&gt;" type="java.lang.AssertionError"><![CDATA[java.lang.AssertionError: Status expected:<201 CREATED> but was:<422 UNPROCESSABLE_ENTITY>
	at com.oceanofbooks.catalogservice.CatalogServiceApplicationTests.whenPostRequestThenBookCreated(CatalogServiceApplicationTests.java:26)
]]></failure>
    <system-out><![CDATA[14:26:13.835 [main] DEBUG org.springframework.boot.test.context.SpringBootTestContextBootstrapper -- Neither @ContextConfiguration nor @ContextHierarchy found for test class [CatalogServiceApplicationTests]: using SpringBootContextLoader
14:26:13.856 [main] DEBUG org.springframework.test.context.support.AbstractContextLoader -- Could not detect default resource locations for test class [com.oceanofbooks.catalogservice.CatalogServiceApplicationTests]: no resource found for suffixes {-context.xml, Context.groovy}.
14:26:13.858 [main] INFO org.springframework.test.context.support.AnnotationConfigContextLoaderUtils -- Could not detect default configuration classes for test class [com.oceanofbooks.catalogservice.CatalogServiceApplicationTests]: CatalogServiceApplicationTests does not declare any static, non-private, non-final, nested classes annotated with @Configuration.
14:26:13.903 [main] DEBUG org.springframework.boot.test.context.SpringBootTestContextBootstrapper -- Using ContextCustomizers for test class [CatalogServiceApplicationTests]: [ExcludeFilterContextCustomizer, DuplicateJsonObjectContextCustomizer, MockitoContextCustomizer, TestRestTemplateContextCustomizer, WebTestClientContextCustomizer, DisableObservabilityContextCustomizer, PropertyMappingContextCustomizer, Customizer]
14:26:14.019 [main] DEBUG org.springframework.context.annotation.ClassPathScanningCandidateComponentProvider -- Identified candidate component class: file [D:\Coding_Workspace\SpringBoot\catalog-service\target\classes\com\oceanofbooks\catalogservice\CatalogServiceApplication.class]
14:26:14.038 [main] INFO org.springframework.boot.test.context.SpringBootTestContextBootstrapper -- Found @SpringBootConfiguration com.oceanofbooks.catalogservice.CatalogServiceApplication for test class com.oceanofbooks.catalogservice.CatalogServiceApplicationTests
14:26:14.219 [main] DEBUG org.springframework.boot.test.context.SpringBootTestContextBootstrapper -- Using TestExecutionListeners for test class [CatalogServiceApplicationTests]: [ServletTestExecutionListener, DirtiesContextBeforeModesTestExecutionListener, ApplicationEventsTestExecutionListener, MockitoTestExecutionListener, DependencyInjectionTestExecutionListener, DirtiesContextTestExecutionListener, TransactionalTestExecutionListener, SqlScriptsTestExecutionListener, EventPublishingTestExecutionListener, ResetMocksTestExecutionListener, RestDocsTestExecutionListener, MockRestServiceServerResetTestExecutionListener, MockMvcPrintOnlyOnFailureTestExecutionListener, WebDriverTestExecutionListener, MockWebServiceServerTestExecutionListener]
14:26:14.224 [main] DEBUG org.springframework.test.context.support.AbstractDirtiesContextTestExecutionListener -- Before test class: class [CatalogServiceApplicationTests], class annotated with @DirtiesContext [false] with mode [null]
14:26:14.250 [main] DEBUG org.springframework.test.context.support.DependencyInjectionTestExecutionListener -- Performing dependency injection for test class com.oceanofbooks.catalogservice.CatalogServiceApplicationTests

  .   ____          _            __ _ _
 /\\ / ___'_ __ _ _(_)_ __  __ _ \ \ \ \
( ( )\___ | '_ | '_| | '_ \/ _` | \ \ \ \
 \\/  ___)| |_)| | | | | || (_| |  ) ) ) )
  '  |____| .__|_| |_|_| |_\__, | / / / /
 =========|_|==============|___/=/_/_/_/
 :: Spring Boot ::                (v3.0.5)

2023-04-13T14:26:15.744+05:30  INFO 7372 --- [           main] c.o.c.CatalogServiceApplicationTests     : Starting CatalogServiceApplicationTests using Java 17.0.6 with PID 7372 (started by Raj in D:\Coding_Workspace\SpringBoot\catalog-service)
2023-04-13T14:26:15.747+05:30  INFO 7372 --- [           main] c.o.c.CatalogServiceApplicationTests     : No active profile set, falling back to 1 default profile: "default"
2023-04-13T14:26:15.789+05:30  INFO 7372 --- [           main] o.s.c.c.c.ConfigServerConfigDataLoader   : Fetching config from server at : http://localhost:8888
2023-04-13T14:26:15.789+05:30  INFO 7372 --- [           main] o.s.c.c.c.ConfigServerConfigDataLoader   : Connect Timeout Exception on Url - http://localhost:8888. Will try the next url if available
2023-04-13T14:26:15.789+05:30  WARN 7372 --- [           main] o.s.c.c.c.ConfigServerConfigDataLoader   : Could not locate PropertySource ([ConfigServerConfigDataResource@2bac9ba uris = array<String>['http://localhost:8888'], optional = true, profiles = list['default']]): I/O error on GET request for "http://localhost:8888/catalog-service/default": Connection refused: no further information
2023-04-13T14:26:17.752+05:30  INFO 7372 --- [           main] .s.d.r.c.RepositoryConfigurationDelegate : Bootstrapping Spring Data JDBC repositories in DEFAULT mode.
2023-04-13T14:26:18.001+05:30  INFO 7372 --- [           main] .s.d.r.c.RepositoryConfigurationDelegate : Finished Spring Data repository scanning in 238 ms. Found 1 JDBC repository interfaces.
2023-04-13T14:26:18.400+05:30  INFO 7372 --- [           main] o.s.cloud.context.scope.GenericScope     : BeanFactory id=57ccd138-01fa-335f-8469-eea947ee5d84
2023-04-13T14:26:19.484+05:30  INFO 7372 --- [           main] o.s.b.w.embedded.tomcat.TomcatWebServer  : Tomcat initialized with port(s): 0 (http)
2023-04-13T14:26:19.503+05:30  INFO 7372 --- [           main] o.apache.catalina.core.StandardService   : Starting service [Tomcat]
2023-04-13T14:26:19.508+05:30  INFO 7372 --- [           main] o.apache.catalina.core.StandardEngine    : Starting Servlet engine: [Apache Tomcat/10.1.7]
2023-04-13T14:26:19.707+05:30  INFO 7372 --- [           main] o.a.c.c.C.[Tomcat].[localhost].[/]       : Initializing Spring embedded WebApplicationContext
2023-04-13T14:26:19.712+05:30  INFO 7372 --- [           main] w.s.c.ServletWebServerApplicationContext : Root WebApplicationContext: initialization completed in 3910 ms
2023-04-13T14:26:20.483+05:30  INFO 7372 --- [           main] o.f.c.internal.license.VersionPrinter    : Flyway Community Edition 9.16.3 by Redgate
2023-04-13T14:26:20.483+05:30  INFO 7372 --- [           main] o.f.c.internal.license.VersionPrinter    : See release notes here: https://rd.gt/416ObMi
2023-04-13T14:26:20.488+05:30  INFO 7372 --- [           main] o.f.c.internal.license.VersionPrinter    : 
2023-04-13T14:26:20.521+05:30  INFO 7372 --- [           main] com.zaxxer.hikari.HikariDataSource       : HikariPool-1 - Starting...
2023-04-13T14:26:20.867+05:30  INFO 7372 --- [           main] com.zaxxer.hikari.pool.HikariPool        : HikariPool-1 - Added connection org.postgresql.jdbc.PgConnection@6339e604
2023-04-13T14:26:20.880+05:30  INFO 7372 --- [           main] com.zaxxer.hikari.HikariDataSource       : HikariPool-1 - Start completed.
2023-04-13T14:26:20.899+05:30  INFO 7372 --- [           main] o.f.c.i.database.base.BaseDatabaseType   : Database: jdbc:postgresql://localhost:5432/polardb_catalog (PostgreSQL 15.2)
2023-04-13T14:26:21.034+05:30  INFO 7372 --- [           main] o.f.core.internal.command.DbValidate     : Successfully validated 2 migrations (execution time 00:00.039s)
2023-04-13T14:26:21.082+05:30  INFO 7372 --- [           main] o.f.core.internal.command.DbMigrate      : Current version of schema "public": 2
2023-04-13T14:26:21.094+05:30  INFO 7372 --- [           main] o.f.core.internal.command.DbMigrate      : Schema "public" is up to date. No migration necessary.
2023-04-13T14:26:23.390+05:30  INFO 7372 --- [           main] o.s.b.a.e.web.EndpointLinksResolver      : Exposing 1 endpoint(s) beneath base path '/actuator'
2023-04-13T14:26:23.878+05:30  INFO 7372 --- [           main] o.s.b.w.embedded.tomcat.TomcatWebServer  : Tomcat started on port(s): 65218 (http) with context path ''
2023-04-13T14:26:24.321+05:30  INFO 7372 --- [           main] c.o.c.CatalogServiceApplicationTests     : Started CatalogServiceApplicationTests in 10.027 seconds (process running for 11.803)
2023-04-13T14:26:26.133+05:30  INFO 7372 --- [o-auto-1-exec-1] o.a.c.c.C.[Tomcat].[localhost].[/]       : Initializing Spring DispatcherServlet 'dispatcherServlet'
2023-04-13T14:26:26.133+05:30  INFO 7372 --- [o-auto-1-exec-1] o.s.web.servlet.DispatcherServlet        : Initializing Servlet 'dispatcherServlet'
2023-04-13T14:26:26.145+05:30  INFO 7372 --- [o-auto-1-exec-1] o.s.web.servlet.DispatcherServlet        : Completed initialization in 12 ms
2023-04-13T14:26:26.615+05:30 ERROR 7372 --- [           main] o.s.t.w.reactive.server.ExchangeResult   : Request details for assertion failure:

> POST http://localhost:65218/books
> accept-encoding: [gzip]
> user-agent: [ReactorNetty/1.1.5]
> host: [localhost:65218]
> accept: [*/*]
> WebTestClient-Request-Id: [1]
> Content-Type: [application/json]
> Content-Length: [158]

{"id":null,"isbn":"1231231231","title":"Title","author":"Author","price":9.9,"publisher":"Polarsophia","createdDate":null,"lastModifiedDate":null,"version":0}

< 422 UNPROCESSABLE_ENTITY Unprocessable Entity
< Content-Type: [text/plain;charset=UTF-8]
< Content-Length: [43]
< Date: [Thu, 13 Apr 2023 08:56:26 GMT]

A book with ISBN 1231231231 already exists.

]]></system-out>
  </testcase>
</testsuite>